# JRE version: Java(TM) SE Runtime Environment (8.0_60-b27) (build 1.8.0_60-b27)
# Java VM: Java HotSpot(TM) 64-Bit Server VM (25.60-b23 mixed mode linux-amd64 compressed oops)
Heap:
 PSYoungGen      total 459776K, used 145702K [0x00000000e0e00000, 0x0000000100000000, 0x0000000100000000)
  eden space 409600K, 35% used [0x00000000e0e00000,0x00000000e9c49ab0,0x00000000f9e00000)
  from space 50176K, 0% used [0x00000000f9e00000,0x00000000f9e00000,0x00000000fcf00000)
  to   space 50176K, 0% used [0x00000000fcf00000,0x00000000fcf00000,0x0000000100000000)
 ParOldGen       total 104960K, used 60440K [0x00000000a2a00000, 0x00000000a9080000, 0x00000000e0e00000)
  object space 104960K, 57% used [0x00000000a2a00000,0x00000000a6506098,0x00000000a9080000)
 Metaspace       used 34605K, capacity 34741K, committed 34944K, reserved 1079296K
  class space    used 5656K, capacity 5688K, committed 5760K, reserved 1048576K
GC Heap History (10 events):
Event: 3.577 GC heap before
{Heap before GC invocations=10 (full 0):
 PSYoungGen      total 207360K, used 207354K [0x00000000e0e00000, 0x00000000f6900000, 0x0000000100000000)
  eden space 189952K, 100% used [0x00000000e0e00000,0x00000000ec780000,0x00000000ec780000)
  from space 17408K, 99% used [0x00000000ec780000,0x00000000ed87ebe0,0x00000000ed880000)
  to   space 25600K, 0% used [0x00000000f5000000,0x00000000f5000000,0x00000000f6900000)
 ParOldGen       total 64512K, used 22841K [0x00000000a2a00000, 0x00000000a6900000, 0x00000000e0e00000)
  object space 64512K, 35% used [0x00000000a2a00000,0x00000000a404e690,0x00000000a6900000)
 Metaspace       used 9445K, capacity 9514K, committed 9600K, reserved 1056768K
  class space    used 1348K, capacity 1361K, committed 1408K, reserved 1048576K
Event: 3.603 GC heap after
Heap after GC invocations=10 (full 0):
 PSYoungGen      total 324096K, used 25572K [0x00000000e0e00000, 0x00000000f7400000, 0x0000000100000000)
  eden space 298496K, 0% used [0x00000000e0e00000,0x00000000e0e00000,0x00000000f3180000)
  from space 25600K, 99% used [0x00000000f5000000,0x00000000f68f9040,0x00000000f6900000)
  to   space 31232K, 0% used [0x00000000f3180000,0x00000000f3180000,0x00000000f5000000)
 ParOldGen       total 64512K, used 25846K [0x00000000a2a00000, 0x00000000a6900000, 0x00000000e0e00000)
  object space 64512K, 40% used [0x00000000a2a00000,0x00000000a433dae8,0x00000000a6900000)
 Metaspace       used 9445K, capacity 9514K, committed 9600K, reserved 1056768K
  class space    used 1348K, capacity 1361K, committed 1408K, reserved 1048576K
}
Event: 4.526 GC heap before
{Heap before GC invocations=11 (full 0):
 PSYoungGen      total 324096K, used 324068K [0x00000000e0e00000, 0x00000000f7400000, 0x0000000100000000)
  eden space 298496K, 100% used [0x00000000e0e00000,0x00000000f3180000,0x00000000f3180000)
  from space 25600K, 99% used [0x00000000f5000000,0x00000000f68f9040,0x00000000f6900000)
  to   space 31232K, 0% used [0x00000000f3180000,0x00000000f3180000,0x00000000f5000000)
 ParOldGen       total 64512K, used 25846K [0x00000000a2a00000, 0x00000000a6900000, 0x00000000e0e00000)
  object space 64512K, 40% used [0x00000000a2a00000,0x00000000a433dae8,0x00000000a6900000)
 Metaspace       used 9456K, capacity 9514K, committed 9600K, reserved 1056768K
  class space    used 1348K, capacity 1361K, committed 1408K, reserved 1048576K
Event: 4.566 GC heap after
Heap after GC invocations=11 (full 0):
 PSYoungGen      total 329728K, used 31209K [0x00000000e0e00000, 0x0000000100000000, 0x0000000100000000)
  eden space 298496K, 0% used [0x00000000e0e00000,0x00000000e0e00000,0x00000000f3180000)
  from space 31232K, 99% used [0x00000000f3180000,0x00000000f4ffa6e0,0x00000000f5000000)
  to   space 40960K, 0% used [0x00000000fd800000,0x00000000fd800000,0x0000000100000000)
 ParOldGen       total 64512K, used 37265K [0x00000000a2a00000, 0x00000000a6900000, 0x00000000e0e00000)
  object space 64512K, 57% used [0x00000000a2a00000,0x00000000a4e64530,0x00000000a6900000)
 Metaspace       used 9456K, capacity 9514K, committed 9600K, reserved 1056768K
  class space    used 1348K, capacity 1361K, committed 1408K, reserved 1048576K
}
Event: 5.374 GC heap before
{Heap before GC invocations=12 (full 0):
 PSYoungGen      total 329728K, used 329705K [0x00000000e0e00000, 0x0000000100000000, 0x0000000100000000)
  eden space 298496K, 100% used [0x00000000e0e00000,0x00000000f3180000,0x00000000f3180000)
  from space 31232K, 99% used [0x00000000f3180000,0x00000000f4ffa6e0,0x00000000f5000000)
  to   space 40960K, 0% used [0x00000000fd800000,0x00000000fd800000,0x0000000100000000)
 ParOldGen       total 64512K, used 37265K [0x00000000a2a00000, 0x00000000a6900000, 0x00000000e0e00000)
  object space 64512K, 57% used [0x00000000a2a00000,0x00000000a4e64530,0x00000000a6900000)
 Metaspace       used 9459K, capacity 9514K, committed 9600K, reserved 1056768K
  class space    used 1348K, capacity 1361K, committed 1408K, reserved 1048576K
Event: 5.416 GC heap after
Heap after GC invocations=12 (full 0):
 PSYoungGen      total 450560K, used 40939K [0x00000000e0e00000, 0x0000000100000000, 0x0000000100000000)
  eden space 409600K, 0% used [0x00000000e0e00000,0x00000000e0e00000,0x00000000f9e00000)
  from space 40960K, 99% used [0x00000000fd800000,0x00000000ffffae20,0x0000000100000000)
  to   space 50176K, 0% used [0x00000000f9e00000,0x00000000f9e00000,0x00000000fcf00000)
 ParOldGen       total 64512K, used 42125K [0x00000000a2a00000, 0x00000000a6900000, 0x00000000e0e00000)
  object space 64512K, 65% used [0x00000000a2a00000,0x00000000a5323778,0x00000000a6900000)
 Metaspace       used 9459K, capacity 9514K, committed 9600K, reserved 1056768K
  class space    used 1348K, capacity 1361K, committed 1408K, reserved 1048576K
}
Event: 6.947 GC heap before
{Heap before GC invocations=13 (full 0):
 PSYoungGen      total 450560K, used 230213K [0x00000000e0e00000, 0x0000000100000000, 0x0000000100000000)
  eden space 409600K, 46% used [0x00000000e0e00000,0x00000000ec6d6660,0x00000000f9e00000)
  from space 40960K, 99% used [0x00000000fd800000,0x00000000ffffae20,0x0000000100000000)
  to   space 50176K, 0% used [0x00000000f9e00000,0x00000000f9e00000,0x00000000fcf00000)
 ParOldGen       total 64512K, used 42125K [0x00000000a2a00000, 0x00000000a6900000, 0x00000000e0e00000)
  object space 64512K, 65% used [0x00000000a2a00000,0x00000000a5323778,0x00000000a6900000)
 Metaspace       used 20994K, capacity 21077K, committed 21248K, reserved 1067008K
  class space    used 3259K, capacity 3288K, committed 3328K, reserved 1048576K
Event: 6.996 GC heap after
Heap after GC invocations=13 (full 0):
 PSYoungGen      total 459776K, used 50162K [0x00000000e0e00000, 0x0000000100000000, 0x0000000100000000)
  eden space 409600K, 0% used [0x00000000e0e00000,0x00000000e0e00000,0x00000000f9e00000)
  from space 50176K, 99% used [0x00000000f9e00000,0x00000000fcefc8c8,0x00000000fcf00000)
  to   space 50176K, 0% used [0x00000000fcf00000,0x00000000fcf00000,0x0000000100000000)
 ParOldGen       total 64512K, used 47100K [0x00000000a2a00000, 0x00000000a6900000, 0x00000000e0e00000)
  object space 64512K, 73% used [0x00000000a2a00000,0x00000000a57ff328,0x00000000a6900000)
 Metaspace       used 20994K, capacity 21077K, committed 21248K, reserved 1067008K
  class space    used 3259K, capacity 3288K, committed 3328K, reserved 1048576K
}
Event: 6.996 GC heap before
{Heap before GC invocations=14 (full 1):
 PSYoungGen      total 459776K, used 50162K [0x00000000e0e00000, 0x0000000100000000, 0x0000000100000000)
  eden space 409600K, 0% used [0x00000000e0e00000,0x00000000e0e00000,0x00000000f9e00000)
  from space 50176K, 99% used [0x00000000f9e00000,0x00000000fcefc8c8,0x00000000fcf00000)
  to   space 50176K, 0% used [0x00000000fcf00000,0x00000000fcf00000,0x0000000100000000)
 ParOldGen       total 64512K, used 47100K [0x00000000a2a00000, 0x00000000a6900000, 0x00000000e0e00000)
  object space 64512K, 73% used [0x00000000a2a00000,0x00000000a57ff328,0x00000000a6900000)
 Metaspace       used 20994K, capacity 21077K, committed 21248K, reserved 1067008K
  class space    used 3259K, capacity 3288K, committed 3328K, reserved 1048576K
Event: 7.133 GC heap after
Heap after GC invocations=14 (full 1):
 PSYoungGen      total 459776K, used 0K [0x00000000e0e00000, 0x0000000100000000, 0x0000000100000000)
  eden space 409600K, 0% used [0x00000000e0e00000,0x00000000e0e00000,0x00000000f9e00000)
  from space 50176K, 0% used [0x00000000f9e00000,0x00000000f9e00000,0x00000000fcf00000)
  to   space 50176K, 0% used [0x00000000fcf00000,0x00000000fcf00000,0x0000000100000000)
 ParOldGen       total 104960K, used 60440K [0x00000000a2a00000, 0x00000000a9080000, 0x00000000e0e00000)
  object space 104960K, 57% used [0x00000000a2a00000,0x00000000a6506098,0x00000000a9080000)
 Metaspace       used 20994K, capacity 21077K, committed 21248K, reserved 1067008K
  class space    used 3259K, capacity 3288K, committed 3328K, reserved 1048576K
}

