# JRE version: Java(TM) SE Runtime Environment (8.0_60-b27) (build 1.8.0_60-b27)
# Java VM: Java HotSpot(TM) 64-Bit Server VM (25.60-b23 mixed mode linux-amd64 compressed oops)
Heap:
 PSYoungGen      total 461824K, used 154499K [0x00000000e0e00000, 0x0000000100000000, 0x0000000100000000)
  eden space 413696K, 37% used [0x00000000e0e00000,0x00000000ea4e0d00,0x00000000fa200000)
  from space 48128K, 0% used [0x00000000fa200000,0x00000000fa200000,0x00000000fd100000)
  to   space 48128K, 0% used [0x00000000fd100000,0x00000000fd100000,0x0000000100000000)
 ParOldGen       total 107008K, used 62899K [0x00000000a2a00000, 0x00000000a9280000, 0x00000000e0e00000)
  object space 107008K, 58% used [0x00000000a2a00000,0x00000000a676cea8,0x00000000a9280000)
 Metaspace       used 34731K, capacity 34869K, committed 35200K, reserved 1079296K
  class space    used 5656K, capacity 5688K, committed 5760K, reserved 1048576K
GC Heap History (10 events):
Event: 5.066 GC heap before
{Heap before GC invocations=10 (full 0):
 PSYoungGen      total 206848K, used 206823K [0x00000000e0e00000, 0x00000000f6780000, 0x0000000100000000)
  eden space 188928K, 100% used [0x00000000e0e00000,0x00000000ec680000,0x00000000ec680000)
  from space 17920K, 99% used [0x00000000ec680000,0x00000000ed7f9df0,0x00000000ed800000)
  to   space 25600K, 0% used [0x00000000f4e80000,0x00000000f4e80000,0x00000000f6780000)
 ParOldGen       total 64512K, used 22600K [0x00000000a2a00000, 0x00000000a6900000, 0x00000000e0e00000)
  object space 64512K, 35% used [0x00000000a2a00000,0x00000000a40120c0,0x00000000a6900000)
 Metaspace       used 9445K, capacity 9514K, committed 9600K, reserved 1056768K
  class space    used 1348K, capacity 1361K, committed 1408K, reserved 1048576K
Event: 5.093 GC heap after
Heap after GC invocations=10 (full 0):
 PSYoungGen      total 322560K, used 25568K [0x00000000e0e00000, 0x00000000f7280000, 0x0000000100000000)
  eden space 296960K, 0% used [0x00000000e0e00000,0x00000000e0e00000,0x00000000f3000000)
  from space 25600K, 99% used [0x00000000f4e80000,0x00000000f6778390,0x00000000f6780000)
  to   space 31232K, 0% used [0x00000000f3000000,0x00000000f3000000,0x00000000f4e80000)
 ParOldGen       total 64512K, used 25354K [0x00000000a2a00000, 0x00000000a6900000, 0x00000000e0e00000)
  object space 64512K, 39% used [0x00000000a2a00000,0x00000000a42c28b8,0x00000000a6900000)
 Metaspace       used 9445K, capacity 9514K, committed 9600K, reserved 1056768K
  class space    used 1348K, capacity 1361K, committed 1408K, reserved 1048576K
}
Event: 5.904 GC heap before
{Heap before GC invocations=11 (full 0):
 PSYoungGen      total 322560K, used 322528K [0x00000000e0e00000, 0x00000000f7280000, 0x0000000100000000)
  eden space 296960K, 100% used [0x00000000e0e00000,0x00000000f3000000,0x00000000f3000000)
  from space 25600K, 99% used [0x00000000f4e80000,0x00000000f6778390,0x00000000f6780000)
  to   space 31232K, 0% used [0x00000000f3000000,0x00000000f3000000,0x00000000f4e80000)
 ParOldGen       total 64512K, used 25354K [0x00000000a2a00000, 0x00000000a6900000, 0x00000000e0e00000)
  object space 64512K, 39% used [0x00000000a2a00000,0x00000000a42c28b8,0x00000000a6900000)
 Metaspace       used 9450K, capacity 9514K, committed 9600K, reserved 1056768K
  class space    used 1348K, capacity 1361K, committed 1408K, reserved 1048576K
Event: 5.944 GC heap after
Heap after GC invocations=11 (full 0):
 PSYoungGen      total 328192K, used 31208K [0x00000000e0e00000, 0x0000000100000000, 0x0000000100000000)
  eden space 296960K, 0% used [0x00000000e0e00000,0x00000000e0e00000,0x00000000f3000000)
  from space 31232K, 99% used [0x00000000f3000000,0x00000000f4e7a268,0x00000000f4e80000)
  to   space 40960K, 0% used [0x00000000fd800000,0x00000000fd800000,0x0000000100000000)
 ParOldGen       total 64512K, used 37664K [0x00000000a2a00000, 0x00000000a6900000, 0x00000000e0e00000)
  object space 64512K, 58% used [0x00000000a2a00000,0x00000000a4ec8200,0x00000000a6900000)
 Metaspace       used 9450K, capacity 9514K, committed 9600K, reserved 1056768K
  class space    used 1348K, capacity 1361K, committed 1408K, reserved 1048576K
}
Event: 6.717 GC heap before
{Heap before GC invocations=12 (full 0):
 PSYoungGen      total 328192K, used 328168K [0x00000000e0e00000, 0x0000000100000000, 0x0000000100000000)
  eden space 296960K, 100% used [0x00000000e0e00000,0x00000000f3000000,0x00000000f3000000)
  from space 31232K, 99% used [0x00000000f3000000,0x00000000f4e7a268,0x00000000f4e80000)
  to   space 40960K, 0% used [0x00000000fd800000,0x00000000fd800000,0x0000000100000000)
 ParOldGen       total 64512K, used 37664K [0x00000000a2a00000, 0x00000000a6900000, 0x00000000e0e00000)
  object space 64512K, 58% used [0x00000000a2a00000,0x00000000a4ec8200,0x00000000a6900000)
 Metaspace       used 9460K, capacity 9514K, committed 9600K, reserved 1056768K
  class space    used 1348K, capacity 1361K, committed 1408K, reserved 1048576K
Event: 6.757 GC heap after
Heap after GC invocations=12 (full 0):
 PSYoungGen      total 454656K, used 40481K [0x00000000e0e00000, 0x0000000100000000, 0x0000000100000000)
  eden space 413696K, 0% used [0x00000000e0e00000,0x00000000e0e00000,0x00000000fa200000)
  from space 40960K, 98% used [0x00000000fd800000,0x00000000fff887a8,0x0000000100000000)
  to   space 48128K, 0% used [0x00000000fa200000,0x00000000fa200000,0x00000000fd100000)
 ParOldGen       total 64512K, used 39224K [0x00000000a2a00000, 0x00000000a6900000, 0x00000000e0e00000)
  object space 64512K, 60% used [0x00000000a2a00000,0x00000000a504e0a8,0x00000000a6900000)
 Metaspace       used 9460K, capacity 9514K, committed 9600K, reserved 1056768K
  class space    used 1348K, capacity 1361K, committed 1408K, reserved 1048576K
}
Event: 8.380 GC heap before
{Heap before GC invocations=13 (full 0):
 PSYoungGen      total 454656K, used 239686K [0x00000000e0e00000, 0x0000000100000000, 0x0000000100000000)
  eden space 413696K, 48% used [0x00000000e0e00000,0x00000000ed0891a8,0x00000000fa200000)
  from space 40960K, 98% used [0x00000000fd800000,0x00000000fff887a8,0x0000000100000000)
  to   space 48128K, 0% used [0x00000000fa200000,0x00000000fa200000,0x00000000fd100000)
 ParOldGen       total 64512K, used 39224K [0x00000000a2a00000, 0x00000000a6900000, 0x00000000e0e00000)
  object space 64512K, 60% used [0x00000000a2a00000,0x00000000a504e0a8,0x00000000a6900000)
 Metaspace       used 21011K, capacity 21077K, committed 21248K, reserved 1067008K
  class space    used 3260K, capacity 3288K, committed 3328K, reserved 1048576K
Event: 8.428 GC heap after
Heap after GC invocations=13 (full 0):
 PSYoungGen      total 461824K, used 48122K [0x00000000e0e00000, 0x0000000100000000, 0x0000000100000000)
  eden space 413696K, 0% used [0x00000000e0e00000,0x00000000e0e00000,0x00000000fa200000)
  from space 48128K, 99% used [0x00000000fa200000,0x00000000fd0fe9c8,0x00000000fd100000)
  to   space 48128K, 0% used [0x00000000fd100000,0x00000000fd100000,0x0000000100000000)
 ParOldGen       total 64512K, used 48779K [0x00000000a2a00000, 0x00000000a6900000, 0x00000000e0e00000)
  object space 64512K, 75% used [0x00000000a2a00000,0x00000000a59a2d00,0x00000000a6900000)
 Metaspace       used 21011K, capacity 21077K, committed 21248K, reserved 1067008K
  class space    used 3260K, capacity 3288K, committed 3328K, reserved 1048576K
}
Event: 8.428 GC heap before
{Heap before GC invocations=14 (full 1):
 PSYoungGen      total 461824K, used 48122K [0x00000000e0e00000, 0x0000000100000000, 0x0000000100000000)
  eden space 413696K, 0% used [0x00000000e0e00000,0x00000000e0e00000,0x00000000fa200000)
  from space 48128K, 99% used [0x00000000fa200000,0x00000000fd0fe9c8,0x00000000fd100000)
  to   space 48128K, 0% used [0x00000000fd100000,0x00000000fd100000,0x0000000100000000)
 ParOldGen       total 64512K, used 48779K [0x00000000a2a00000, 0x00000000a6900000, 0x00000000e0e00000)
  object space 64512K, 75% used [0x00000000a2a00000,0x00000000a59a2d00,0x00000000a6900000)
 Metaspace       used 21011K, capacity 21077K, committed 21248K, reserved 1067008K
  class space    used 3260K, capacity 3288K, committed 3328K, reserved 1048576K
Event: 8.565 GC heap after
Heap after GC invocations=14 (full 1):
 PSYoungGen      total 461824K, used 0K [0x00000000e0e00000, 0x0000000100000000, 0x0000000100000000)
  eden space 413696K, 0% used [0x00000000e0e00000,0x00000000e0e00000,0x00000000fa200000)
  from space 48128K, 0% used [0x00000000fa200000,0x00000000fa200000,0x00000000fd100000)
  to   space 48128K, 0% used [0x00000000fd100000,0x00000000fd100000,0x0000000100000000)
 ParOldGen       total 107008K, used 62899K [0x00000000a2a00000, 0x00000000a9280000, 0x00000000e0e00000)
  object space 107008K, 58% used [0x00000000a2a00000,0x00000000a676cea8,0x00000000a9280000)
 Metaspace       used 21011K, capacity 21077K, committed 21248K, reserved 1067008K
  class space    used 3260K, capacity 3288K, committed 3328K, reserved 1048576K
}

