# JRE version: Java(TM) SE Runtime Environment (8.0_60-b27) (build 1.8.0_60-b27)
# Java VM: Java HotSpot(TM) 64-Bit Server VM (25.60-b23 mixed mode linux-amd64 compressed oops)
Heap:
 PSYoungGen      total 440320K, used 32372K [0x00000000e0e00000, 0x0000000100000000, 0x0000000100000000)
  eden space 391168K, 8% used [0x00000000e0e00000,0x00000000e2d9d1d0,0x00000000f8c00000)
  from space 49152K, 0% used [0x00000000fd000000,0x00000000fd000000,0x0000000100000000)
  to   space 59392K, 0% used [0x00000000f8c00000,0x00000000f8c00000,0x00000000fc600000)
 ParOldGen       total 78848K, used 23430K [0x00000000a2a00000, 0x00000000a7700000, 0x00000000e0e00000)
  object space 78848K, 29% used [0x00000000a2a00000,0x00000000a40e1818,0x00000000a7700000)
 Metaspace       used 35737K, capacity 35918K, committed 36056K, reserved 1079296K
  class space    used 5820K, capacity 5867K, committed 5888K, reserved 1048576K
GC Heap History (10 events):
Event: 6.227 GC heap before
{Heap before GC invocations=12 (full 0):
 PSYoungGen      total 327680K, used 327655K [0x00000000e0e00000, 0x0000000100000000, 0x0000000100000000)
  eden space 296960K, 100% used [0x00000000e0e00000,0x00000000f3000000,0x00000000f3000000)
  from space 30720K, 99% used [0x00000000f3000000,0x00000000f4df9fd8,0x00000000f4e00000)
  to   space 40448K, 0% used [0x00000000fd880000,0x00000000fd880000,0x0000000100000000)
 ParOldGen       total 64512K, used 37200K [0x00000000a2a00000, 0x00000000a6900000, 0x00000000e0e00000)
  object space 64512K, 57% used [0x00000000a2a00000,0x00000000a4e54270,0x00000000a6900000)
 Metaspace       used 9459K, capacity 9514K, committed 9600K, reserved 1056768K
  class space    used 1348K, capacity 1361K, committed 1408K, reserved 1048576K
Event: 6.271 GC heap after
Heap after GC invocations=12 (full 0):
 PSYoungGen      total 452096K, used 40445K [0x00000000e0e00000, 0x0000000100000000, 0x0000000100000000)
  eden space 411648K, 0% used [0x00000000e0e00000,0x00000000e0e00000,0x00000000fa000000)
  from space 40448K, 99% used [0x00000000fd880000,0x00000000fffff620,0x0000000100000000)
  to   space 49152K, 0% used [0x00000000fa000000,0x00000000fa000000,0x00000000fd000000)
 ParOldGen       total 64512K, used 41082K [0x00000000a2a00000, 0x00000000a6900000, 0x00000000e0e00000)
  object space 64512K, 63% used [0x00000000a2a00000,0x00000000a521e958,0x00000000a6900000)
 Metaspace       used 9459K, capacity 9514K, committed 9600K, reserved 1056768K
  class space    used 1348K, capacity 1361K, committed 1408K, reserved 1048576K
}
Event: 7.856 GC heap before
{Heap before GC invocations=13 (full 0):
 PSYoungGen      total 452096K, used 238737K [0x00000000e0e00000, 0x0000000100000000, 0x0000000100000000)
  eden space 411648K, 48% used [0x00000000e0e00000,0x00000000ecfa5128,0x00000000fa000000)
  from space 40448K, 99% used [0x00000000fd880000,0x00000000fffff620,0x0000000100000000)
  to   space 49152K, 0% used [0x00000000fa000000,0x00000000fa000000,0x00000000fd000000)
 ParOldGen       total 64512K, used 41082K [0x00000000a2a00000, 0x00000000a6900000, 0x00000000e0e00000)
  object space 64512K, 63% used [0x00000000a2a00000,0x00000000a521e958,0x00000000a6900000)
 Metaspace       used 20995K, capacity 21077K, committed 21248K, reserved 1067008K
  class space    used 3259K, capacity 3288K, committed 3328K, reserved 1048576K
Event: 7.905 GC heap after
Heap after GC invocations=13 (full 0):
 PSYoungGen      total 460800K, used 49144K [0x00000000e0e00000, 0x0000000100000000, 0x0000000100000000)
  eden space 411648K, 0% used [0x00000000e0e00000,0x00000000e0e00000,0x00000000fa000000)
  from space 49152K, 99% used [0x00000000fa000000,0x00000000fcffe0f0,0x00000000fd000000)
  to   space 49152K, 0% used [0x00000000fd000000,0x00000000fd000000,0x0000000100000000)
 ParOldGen       total 64512K, used 49435K [0x00000000a2a00000, 0x00000000a6900000, 0x00000000e0e00000)
  object space 64512K, 76% used [0x00000000a2a00000,0x00000000a5a46ca0,0x00000000a6900000)
 Metaspace       used 20995K, capacity 21077K, committed 21248K, reserved 1067008K
  class space    used 3259K, capacity 3288K, committed 3328K, reserved 1048576K
}
Event: 7.905 GC heap before
{Heap before GC invocations=14 (full 1):
 PSYoungGen      total 460800K, used 49144K [0x00000000e0e00000, 0x0000000100000000, 0x0000000100000000)
  eden space 411648K, 0% used [0x00000000e0e00000,0x00000000e0e00000,0x00000000fa000000)
  from space 49152K, 99% used [0x00000000fa000000,0x00000000fcffe0f0,0x00000000fd000000)
  to   space 49152K, 0% used [0x00000000fd000000,0x00000000fd000000,0x0000000100000000)
 ParOldGen       total 64512K, used 49435K [0x00000000a2a00000, 0x00000000a6900000, 0x00000000e0e00000)
  object space 64512K, 76% used [0x00000000a2a00000,0x00000000a5a46ca0,0x00000000a6900000)
 Metaspace       used 20995K, capacity 21077K, committed 21248K, reserved 1067008K
  class space    used 3259K, capacity 3288K, committed 3328K, reserved 1048576K
Event: 8.039 GC heap after
Heap after GC invocations=14 (full 1):
 PSYoungGen      total 460800K, used 0K [0x00000000e0e00000, 0x0000000100000000, 0x0000000100000000)
  eden space 411648K, 0% used [0x00000000e0e00000,0x00000000e0e00000,0x00000000fa000000)
  from space 49152K, 0% used [0x00000000fa000000,0x00000000fa000000,0x00000000fd000000)
  to   space 49152K, 0% used [0x00000000fd000000,0x00000000fd000000,0x0000000100000000)
 ParOldGen       total 106496K, used 62621K [0x00000000a2a00000, 0x00000000a9200000, 0x00000000e0e00000)
  object space 106496K, 58% used [0x00000000a2a00000,0x00000000a6727528,0x00000000a9200000)
 Metaspace       used 20995K, capacity 21077K, committed 21248K, reserved 1067008K
  class space    used 3259K, capacity 3288K, committed 3328K, reserved 1048576K
}
Event: 11.923 GC heap before
{Heap before GC invocations=15 (full 1):
 PSYoungGen      total 460800K, used 162878K [0x00000000e0e00000, 0x0000000100000000, 0x0000000100000000)
  eden space 411648K, 39% used [0x00000000e0e00000,0x00000000ead0fac0,0x00000000fa000000)
  from space 49152K, 0% used [0x00000000fa000000,0x00000000fa000000,0x00000000fd000000)
  to   space 49152K, 0% used [0x00000000fd000000,0x00000000fd000000,0x0000000100000000)
 ParOldGen       total 106496K, used 62621K [0x00000000a2a00000, 0x00000000a9200000, 0x00000000e0e00000)
  object space 106496K, 58% used [0x00000000a2a00000,0x00000000a6727528,0x00000000a9200000)
 Metaspace       used 35150K, capacity 35270K, committed 35416K, reserved 1079296K
  class space    used 5718K, capacity 5760K, committed 5760K, reserved 1048576K
Event: 11.958 GC heap after
Heap after GC invocations=15 (full 1):
 PSYoungGen      total 440320K, used 27888K [0x00000000e0e00000, 0x0000000100000000, 0x0000000100000000)
  eden space 391168K, 0% used [0x00000000e0e00000,0x00000000e0e00000,0x00000000f8c00000)
  from space 49152K, 56% used [0x00000000fd000000,0x00000000feb3c0b0,0x0000000100000000)
  to   space 59392K, 0% used [0x00000000f8c00000,0x00000000f8c00000,0x00000000fc600000)
 ParOldGen       total 106496K, used 62629K [0x00000000a2a00000, 0x00000000a9200000, 0x00000000e0e00000)
  object space 106496K, 58% used [0x00000000a2a00000,0x00000000a6729528,0x00000000a9200000)
 Metaspace       used 35150K, capacity 35270K, committed 35416K, reserved 1079296K
  class space    used 5718K, capacity 5760K, committed 5760K, reserved 1048576K
}
Event: 11.958 GC heap before
{Heap before GC invocations=16 (full 2):
 PSYoungGen      total 440320K, used 27888K [0x00000000e0e00000, 0x0000000100000000, 0x0000000100000000)
  eden space 391168K, 0% used [0x00000000e0e00000,0x00000000e0e00000,0x00000000f8c00000)
  from space 49152K, 56% used [0x00000000fd000000,0x00000000feb3c0b0,0x0000000100000000)
  to   space 59392K, 0% used [0x00000000f8c00000,0x00000000f8c00000,0x00000000fc600000)
 ParOldGen       total 106496K, used 62629K [0x00000000a2a00000, 0x00000000a9200000, 0x00000000e0e00000)
  object space 106496K, 58% used [0x00000000a2a00000,0x00000000a6729528,0x00000000a9200000)
 Metaspace       used 35150K, capacity 35270K, committed 35416K, reserved 1079296K
  class space    used 5718K, capacity 5760K, committed 5760K, reserved 1048576K
Event: 12.021 GC heap after
Heap after GC invocations=16 (full 2):
 PSYoungGen      total 440320K, used 0K [0x00000000e0e00000, 0x0000000100000000, 0x0000000100000000)
  eden space 391168K, 0% used [0x00000000e0e00000,0x00000000e0e00000,0x00000000f8c00000)
  from space 49152K, 0% used [0x00000000fd000000,0x00000000fd000000,0x0000000100000000)
  to   space 59392K, 0% used [0x00000000f8c00000,0x00000000f8c00000,0x00000000fc600000)
 ParOldGen       total 78848K, used 23430K [0x00000000a2a00000, 0x00000000a7700000, 0x00000000e0e00000)
  object space 78848K, 29% used [0x00000000a2a00000,0x00000000a40e1818,0x00000000a7700000)
 Metaspace       used 35150K, capacity 35270K, committed 35416K, reserved 1079296K
  class space    used 5718K, capacity 5760K, committed 5760K, reserved 1048576K
}

