# JRE version: Java(TM) SE Runtime Environment (8.0_60-b27) (build 1.8.0_60-b27)
# Java VM: Java HotSpot(TM) 64-Bit Server VM (25.60-b23 mixed mode linux-amd64 compressed oops)
Heap:
 PSYoungGen      total 415232K, used 183886K [0x00000000e0e00000, 0x0000000100000000, 0x0000000100000000)
  eden space 372736K, 49% used [0x00000000e0e00000,0x00000000ec193bc8,0x00000000f7a00000)
  from space 42496K, 0% used [0x00000000fd680000,0x00000000fd680000,0x0000000100000000)
  to   space 68608K, 0% used [0x00000000f7a00000,0x00000000f7a00000,0x00000000fbd00000)
 ParOldGen       total 133120K, used 72678K [0x00000000a2a00000, 0x00000000aac00000, 0x00000000e0e00000)
  object space 133120K, 54% used [0x00000000a2a00000,0x00000000a70f9900,0x00000000aac00000)
 Metaspace       used 34606K, capacity 34741K, committed 34944K, reserved 1079296K
  class space    used 5654K, capacity 5688K, committed 5760K, reserved 1048576K
GC Heap History (10 events):
Event: 17.666 GC heap before
{Heap before GC invocations=12 (full 0):
 PSYoungGen      total 330240K, used 330231K [0x00000000e0e00000, 0x0000000100000000, 0x0000000100000000)
  eden space 300032K, 100% used [0x00000000e0e00000,0x00000000f3300000,0x00000000f3300000)
  from space 30208K, 99% used [0x00000000f3300000,0x00000000f507dfe0,0x00000000f5080000)
  to   space 39936K, 0% used [0x00000000fd900000,0x00000000fd900000,0x0000000100000000)
 ParOldGen       total 64512K, used 46681K [0x00000000a2a00000, 0x00000000a6900000, 0x00000000e0e00000)
  object space 64512K, 72% used [0x00000000a2a00000,0x00000000a5796768,0x00000000a6900000)
 Metaspace       used 9470K, capacity 9514K, committed 9600K, reserved 1056768K
  class space    used 1348K, capacity 1361K, committed 1408K, reserved 1048576K
Event: 17.696 GC heap after
Heap after GC invocations=12 (full 0):
 PSYoungGen      total 464896K, used 29183K [0x00000000e0e00000, 0x0000000100000000, 0x0000000100000000)
  eden space 424960K, 0% used [0x00000000e0e00000,0x00000000e0e00000,0x00000000fad00000)
  from space 39936K, 73% used [0x00000000fd900000,0x00000000ff57fee8,0x0000000100000000)
  to   space 42496K, 0% used [0x00000000fad00000,0x00000000fad00000,0x00000000fd680000)
 ParOldGen       total 64512K, used 48696K [0x00000000a2a00000, 0x00000000a6900000, 0x00000000e0e00000)
  object space 64512K, 75% used [0x00000000a2a00000,0x00000000a598e1b8,0x00000000a6900000)
 Metaspace       used 9470K, capacity 9514K, committed 9600K, reserved 1056768K
  class space    used 1348K, capacity 1361K, committed 1408K, reserved 1048576K
}
Event: 18.918 GC heap before
{Heap before GC invocations=13 (full 0):
 PSYoungGen      total 464896K, used 454143K [0x00000000e0e00000, 0x0000000100000000, 0x0000000100000000)
  eden space 424960K, 100% used [0x00000000e0e00000,0x00000000fad00000,0x00000000fad00000)
  from space 39936K, 73% used [0x00000000fd900000,0x00000000ff57fee8,0x0000000100000000)
  to   space 42496K, 0% used [0x00000000fad00000,0x00000000fad00000,0x00000000fd680000)
 ParOldGen       total 64512K, used 48696K [0x00000000a2a00000, 0x00000000a6900000, 0x00000000e0e00000)
  object space 64512K, 75% used [0x00000000a2a00000,0x00000000a598e1b8,0x00000000a6900000)
 Metaspace       used 9516K, capacity 9578K, committed 9856K, reserved 1058816K
  class space    used 1348K, capacity 1361K, committed 1408K, reserved 1048576K
Event: 18.978 GC heap after
Heap after GC invocations=13 (full 0):
 PSYoungGen      total 467456K, used 42484K [0x00000000e0e00000, 0x0000000100000000, 0x0000000100000000)
  eden space 424960K, 0% used [0x00000000e0e00000,0x00000000e0e00000,0x00000000fad00000)
  from space 42496K, 99% used [0x00000000fad00000,0x00000000fd67d250,0x00000000fd680000)
  to   space 42496K, 0% used [0x00000000fd680000,0x00000000fd680000,0x0000000100000000)
 ParOldGen       total 69632K, used 69204K [0x00000000a2a00000, 0x00000000a6e00000, 0x00000000e0e00000)
  object space 69632K, 99% used [0x00000000a2a00000,0x00000000a6d95260,0x00000000a6e00000)
 Metaspace       used 9516K, capacity 9578K, committed 9856K, reserved 1058816K
  class space    used 1348K, capacity 1361K, committed 1408K, reserved 1048576K
}
Event: 18.978 GC heap before
{Heap before GC invocations=14 (full 1):
 PSYoungGen      total 467456K, used 42484K [0x00000000e0e00000, 0x0000000100000000, 0x0000000100000000)
  eden space 424960K, 0% used [0x00000000e0e00000,0x00000000e0e00000,0x00000000fad00000)
  from space 42496K, 99% used [0x00000000fad00000,0x00000000fd67d250,0x00000000fd680000)
  to   space 42496K, 0% used [0x00000000fd680000,0x00000000fd680000,0x0000000100000000)
 ParOldGen       total 69632K, used 69204K [0x00000000a2a00000, 0x00000000a6e00000, 0x00000000e0e00000)
  object space 69632K, 99% used [0x00000000a2a00000,0x00000000a6d95260,0x00000000a6e00000)
 Metaspace       used 9516K, capacity 9578K, committed 9856K, reserved 1058816K
  class space    used 1348K, capacity 1361K, committed 1408K, reserved 1048576K
Event: 19.037 GC heap after
Heap after GC invocations=14 (full 1):
 PSYoungGen      total 467456K, used 0K [0x00000000e0e00000, 0x0000000100000000, 0x0000000100000000)
  eden space 424960K, 0% used [0x00000000e0e00000,0x00000000e0e00000,0x00000000fad00000)
  from space 42496K, 0% used [0x00000000fad00000,0x00000000fad00000,0x00000000fd680000)
  to   space 42496K, 0% used [0x00000000fd680000,0x00000000fd680000,0x0000000100000000)
 ParOldGen       total 110592K, used 66461K [0x00000000a2a00000, 0x00000000a9600000, 0x00000000e0e00000)
  object space 110592K, 60% used [0x00000000a2a00000,0x00000000a6ae74c0,0x00000000a9600000)
 Metaspace       used 9516K, capacity 9578K, committed 9856K, reserved 1058816K
  class space    used 1348K, capacity 1361K, committed 1408K, reserved 1048576K
}
Event: 21.533 GC heap before
{Heap before GC invocations=15 (full 1):
 PSYoungGen      total 467456K, used 246086K [0x00000000e0e00000, 0x0000000100000000, 0x0000000100000000)
  eden space 424960K, 57% used [0x00000000e0e00000,0x00000000efe519c0,0x00000000fad00000)
  from space 42496K, 0% used [0x00000000fad00000,0x00000000fad00000,0x00000000fd680000)
  to   space 42496K, 0% used [0x00000000fd680000,0x00000000fd680000,0x0000000100000000)
 ParOldGen       total 110592K, used 66461K [0x00000000a2a00000, 0x00000000a9600000, 0x00000000e0e00000)
  object space 110592K, 60% used [0x00000000a2a00000,0x00000000a6ae74c0,0x00000000a9600000)
 Metaspace       used 21010K, capacity 21077K, committed 21248K, reserved 1067008K
  class space    used 3252K, capacity 3288K, committed 3328K, reserved 1048576K
Event: 21.583 GC heap after
Heap after GC invocations=15 (full 1):
 PSYoungGen      total 415232K, used 42480K [0x00000000e0e00000, 0x0000000100000000, 0x0000000100000000)
  eden space 372736K, 0% used [0x00000000e0e00000,0x00000000e0e00000,0x00000000f7a00000)
  from space 42496K, 99% used [0x00000000fd680000,0x00000000ffffc238,0x0000000100000000)
  to   space 68608K, 0% used [0x00000000f7a00000,0x00000000f7a00000,0x00000000fbd00000)
 ParOldGen       total 110592K, used 86823K [0x00000000a2a00000, 0x00000000a9600000, 0x00000000e0e00000)
  object space 110592K, 78% used [0x00000000a2a00000,0x00000000a7ec9c08,0x00000000a9600000)
 Metaspace       used 21010K, capacity 21077K, committed 21248K, reserved 1067008K
  class space    used 3252K, capacity 3288K, committed 3328K, reserved 1048576K
}
Event: 21.583 GC heap before
{Heap before GC invocations=16 (full 2):
 PSYoungGen      total 415232K, used 42480K [0x00000000e0e00000, 0x0000000100000000, 0x0000000100000000)
  eden space 372736K, 0% used [0x00000000e0e00000,0x00000000e0e00000,0x00000000f7a00000)
  from space 42496K, 99% used [0x00000000fd680000,0x00000000ffffc238,0x0000000100000000)
  to   space 68608K, 0% used [0x00000000f7a00000,0x00000000f7a00000,0x00000000fbd00000)
 ParOldGen       total 110592K, used 86823K [0x00000000a2a00000, 0x00000000a9600000, 0x00000000e0e00000)
  object space 110592K, 78% used [0x00000000a2a00000,0x00000000a7ec9c08,0x00000000a9600000)
 Metaspace       used 21010K, capacity 21077K, committed 21248K, reserved 1067008K
  class space    used 3252K, capacity 3288K, committed 3328K, reserved 1048576K
Event: 21.719 GC heap after
Heap after GC invocations=16 (full 2):
 PSYoungGen      total 415232K, used 0K [0x00000000e0e00000, 0x0000000100000000, 0x0000000100000000)
  eden space 372736K, 0% used [0x00000000e0e00000,0x00000000e0e00000,0x00000000f7a00000)
  from space 42496K, 0% used [0x00000000fd680000,0x00000000fd680000,0x0000000100000000)
  to   space 68608K, 0% used [0x00000000f7a00000,0x00000000f7a00000,0x00000000fbd00000)
 ParOldGen       total 133120K, used 72678K [0x00000000a2a00000, 0x00000000aac00000, 0x00000000e0e00000)
  object space 133120K, 54% used [0x00000000a2a00000,0x00000000a70f9900,0x00000000aac00000)
 Metaspace       used 21010K, capacity 21077K, committed 21248K, reserved 1067008K
  class space    used 3252K, capacity 3288K, committed 3328K, reserved 1048576K
}

