# JRE version: Java(TM) SE Runtime Environment (8.0_60-b27) (build 1.8.0_60-b27)
# Java VM: Java HotSpot(TM) 64-Bit Server VM (25.60-b23 mixed mode linux-amd64 compressed oops)
Heap:
 PSYoungGen      total 422400K, used 147354K [0x00000000e0e00000, 0x0000000100000000, 0x0000000100000000)
  eden space 387072K, 38% used [0x00000000e0e00000,0x00000000e9de6918,0x00000000f8800000)
  from space 35328K, 0% used [0x00000000f8800000,0x00000000f8800000,0x00000000faa80000)
  to   space 62464K, 0% used [0x00000000fc300000,0x00000000fc300000,0x0000000100000000)
 ParOldGen       total 103424K, used 44534K [0x00000000a2a00000, 0x00000000a8f00000, 0x00000000e0e00000)
  object space 103424K, 43% used [0x00000000a2a00000,0x00000000a557d838,0x00000000a8f00000)
 Metaspace       used 34626K, capacity 34741K, committed 34944K, reserved 1079296K
  class space    used 5654K, capacity 5688K, committed 5760K, reserved 1048576K
GC Heap History (10 events):
Event: 4.816 GC heap before
{Heap before GC invocations=9 (full 0):
 PSYoungGen      total 405504K, used 405501K [0x00000000e0e00000, 0x00000000fc800000, 0x0000000100000000)
  eden space 376832K, 100% used [0x00000000e0e00000,0x00000000f7e00000,0x00000000f7e00000)
  from space 28672K, 99% used [0x00000000fa000000,0x00000000fbbff4d8,0x00000000fbc00000)
  to   space 34816K, 0% used [0x00000000f7e00000,0x00000000f7e00000,0x00000000fa000000)
 ParOldGen       total 64512K, used 28251K [0x00000000a2a00000, 0x00000000a6900000, 0x00000000e0e00000)
  object space 64512K, 43% used [0x00000000a2a00000,0x00000000a4596c28,0x00000000a6900000)
 Metaspace       used 9448K, capacity 9514K, committed 9600K, reserved 1056768K
  class space    used 1348K, capacity 1361K, committed 1408K, reserved 1048576K
Event: 4.866 GC heap after
Heap after GC invocations=9 (full 0):
 PSYoungGen      total 411648K, used 34791K [0x00000000e0e00000, 0x0000000100000000, 0x0000000100000000)
  eden space 376832K, 0% used [0x00000000e0e00000,0x00000000e0e00000,0x00000000f7e00000)
  from space 34816K, 99% used [0x00000000f7e00000,0x00000000f9ff9f78,0x00000000fa000000)
  to   space 49664K, 0% used [0x00000000fcf80000,0x00000000fcf80000,0x0000000100000000)
 ParOldGen       total 64512K, used 49189K [0x00000000a2a00000, 0x00000000a6900000, 0x00000000e0e00000)
  object space 64512K, 76% used [0x00000000a2a00000,0x00000000a5a09780,0x00000000a6900000)
 Metaspace       used 9448K, capacity 9514K, committed 9600K, reserved 1056768K
  class space    used 1348K, capacity 1361K, committed 1408K, reserved 1048576K
}
Event: 4.867 GC heap before
{Heap before GC invocations=10 (full 1):
 PSYoungGen      total 411648K, used 34791K [0x00000000e0e00000, 0x0000000100000000, 0x0000000100000000)
  eden space 376832K, 0% used [0x00000000e0e00000,0x00000000e0e00000,0x00000000f7e00000)
  from space 34816K, 99% used [0x00000000f7e00000,0x00000000f9ff9f78,0x00000000fa000000)
  to   space 49664K, 0% used [0x00000000fcf80000,0x00000000fcf80000,0x0000000100000000)
 ParOldGen       total 64512K, used 49189K [0x00000000a2a00000, 0x00000000a6900000, 0x00000000e0e00000)
  object space 64512K, 76% used [0x00000000a2a00000,0x00000000a5a09780,0x00000000a6900000)
 Metaspace       used 9448K, capacity 9514K, committed 9600K, reserved 1056768K
  class space    used 1348K, capacity 1361K, committed 1408K, reserved 1048576K
Event: 4.909 GC heap after
Heap after GC invocations=10 (full 1):
 PSYoungGen      total 411648K, used 0K [0x00000000e0e00000, 0x0000000100000000, 0x0000000100000000)
  eden space 376832K, 0% used [0x00000000e0e00000,0x00000000e0e00000,0x00000000f7e00000)
  from space 34816K, 0% used [0x00000000f7e00000,0x00000000f7e00000,0x00000000fa000000)
  to   space 49664K, 0% used [0x00000000fcf80000,0x00000000fcf80000,0x0000000100000000)
 ParOldGen       total 101888K, used 54274K [0x00000000a2a00000, 0x00000000a8d80000, 0x00000000e0e00000)
  object space 101888K, 53% used [0x00000000a2a00000,0x00000000a5f00a80,0x00000000a8d80000)
 Metaspace       used 9448K, capacity 9514K, committed 9600K, reserved 1056768K
  class space    used 1348K, capacity 1361K, committed 1408K, reserved 1048576K
}
Event: 6.458 GC heap before
{Heap before GC invocations=11 (full 1):
 PSYoungGen      total 411648K, used 376832K [0x00000000e0e00000, 0x0000000100000000, 0x0000000100000000)
  eden space 376832K, 100% used [0x00000000e0e00000,0x00000000f7e00000,0x00000000f7e00000)
  from space 34816K, 0% used [0x00000000f7e00000,0x00000000f7e00000,0x00000000fa000000)
  to   space 49664K, 0% used [0x00000000fcf80000,0x00000000fcf80000,0x0000000100000000)
 ParOldGen       total 101888K, used 54274K [0x00000000a2a00000, 0x00000000a8d80000, 0x00000000e0e00000)
  object space 101888K, 53% used [0x00000000a2a00000,0x00000000a5f00a80,0x00000000a8d80000)
 Metaspace       used 16727K, capacity 16852K, committed 17024K, reserved 1062912K
  class space    used 2550K, capacity 2584K, committed 2688K, reserved 1048576K
Event: 6.514 GC heap after
Heap after GC invocations=11 (full 1):
 PSYoungGen      total 436736K, used 49648K [0x00000000e0e00000, 0x0000000100000000, 0x0000000100000000)
  eden space 387072K, 0% used [0x00000000e0e00000,0x00000000e0e00000,0x00000000f8800000)
  from space 49664K, 99% used [0x00000000fcf80000,0x00000000ffffc198,0x0000000100000000)
  to   space 61440K, 0% used [0x00000000f8800000,0x00000000f8800000,0x00000000fc400000)
 ParOldGen       total 101888K, used 61660K [0x00000000a2a00000, 0x00000000a8d80000, 0x00000000e0e00000)
  object space 101888K, 60% used [0x00000000a2a00000,0x00000000a6637320,0x00000000a8d80000)
 Metaspace       used 16727K, capacity 16852K, committed 17024K, reserved 1062912K
  class space    used 2550K, capacity 2584K, committed 2688K, reserved 1048576K
}
Event: 7.238 GC heap before
{Heap before GC invocations=12 (full 1):
 PSYoungGen      total 436736K, used 127518K [0x00000000e0e00000, 0x0000000100000000, 0x0000000100000000)
  eden space 387072K, 20% used [0x00000000e0e00000,0x00000000e5a0b730,0x00000000f8800000)
  from space 49664K, 99% used [0x00000000fcf80000,0x00000000ffffc198,0x0000000100000000)
  to   space 61440K, 0% used [0x00000000f8800000,0x00000000f8800000,0x00000000fc400000)
 ParOldGen       total 101888K, used 61660K [0x00000000a2a00000, 0x00000000a8d80000, 0x00000000e0e00000)
  object space 101888K, 60% used [0x00000000a2a00000,0x00000000a6637320,0x00000000a8d80000)
 Metaspace       used 20997K, capacity 21077K, committed 21248K, reserved 1067008K
  class space    used 3260K, capacity 3288K, committed 3328K, reserved 1048576K
Event: 7.265 GC heap after
Heap after GC invocations=12 (full 1):
 PSYoungGen      total 422400K, used 35092K [0x00000000e0e00000, 0x0000000100000000, 0x0000000100000000)
  eden space 387072K, 0% used [0x00000000e0e00000,0x00000000e0e00000,0x00000000f8800000)
  from space 35328K, 99% used [0x00000000f8800000,0x00000000faa45328,0x00000000faa80000)
  to   space 62464K, 0% used [0x00000000fc300000,0x00000000fc300000,0x0000000100000000)
 ParOldGen       total 101888K, used 65081K [0x00000000a2a00000, 0x00000000a8d80000, 0x00000000e0e00000)
  object space 101888K, 63% used [0x00000000a2a00000,0x00000000a698e780,0x00000000a8d80000)
 Metaspace       used 20997K, capacity 21077K, committed 21248K, reserved 1067008K
  class space    used 3260K, capacity 3288K, committed 3328K, reserved 1048576K
}
Event: 7.265 GC heap before
{Heap before GC invocations=13 (full 2):
 PSYoungGen      total 422400K, used 35092K [0x00000000e0e00000, 0x0000000100000000, 0x0000000100000000)
  eden space 387072K, 0% used [0x00000000e0e00000,0x00000000e0e00000,0x00000000f8800000)
  from space 35328K, 99% used [0x00000000f8800000,0x00000000faa45328,0x00000000faa80000)
  to   space 62464K, 0% used [0x00000000fc300000,0x00000000fc300000,0x0000000100000000)
 ParOldGen       total 101888K, used 65081K [0x00000000a2a00000, 0x00000000a8d80000, 0x00000000e0e00000)
  object space 101888K, 63% used [0x00000000a2a00000,0x00000000a698e780,0x00000000a8d80000)
 Metaspace       used 20997K, capacity 21077K, committed 21248K, reserved 1067008K
  class space    used 3260K, capacity 3288K, committed 3328K, reserved 1048576K
Event: 7.377 GC heap after
Heap after GC invocations=13 (full 2):
 PSYoungGen      total 422400K, used 0K [0x00000000e0e00000, 0x0000000100000000, 0x0000000100000000)
  eden space 387072K, 0% used [0x00000000e0e00000,0x00000000e0e00000,0x00000000f8800000)
  from space 35328K, 0% used [0x00000000f8800000,0x00000000f8800000,0x00000000faa80000)
  to   space 62464K, 0% used [0x00000000fc300000,0x00000000fc300000,0x0000000100000000)
 ParOldGen       total 103424K, used 44534K [0x00000000a2a00000, 0x00000000a8f00000, 0x00000000e0e00000)
  object space 103424K, 43% used [0x00000000a2a00000,0x00000000a557d838,0x00000000a8f00000)
 Metaspace       used 20997K, capacity 21077K, committed 21248K, reserved 1067008K
  class space    used 3260K, capacity 3288K, committed 3328K, reserved 1048576K
}

